<?xml version="1.0" encoding="UTF-8"?>
<testsuite xmlns:xsi="http://www.w3.org/2001/XMLSchema-instance" xsi:noNamespaceSchemaLocation="https://maven.apache.org/surefire/maven-surefire-plugin/xsd/surefire-test-report-3.0.xsd" version="3.0" name="LinearAlgebraEngineTest" time="0.195" tests="8" errors="0" skipped="0" failures="0">
  <properties>
[...]
</properties>
  <testcase name="testSimpleAddition" classname="LinearAlgebraEngineTest" time="0.055">
    <system-out><![CDATA[ADD
0.0ID: 0
0.0ID: 1
0.0ID: 2
0.0ID: 3
Chose: ID: 0
0.0ID: 3
0.0ID: 1
0.0ID: 2
Chose: ID: 3
Worker 0: Used = 233000, Idle = 14826800, Fatigue = 145144.50
Worker 1: Used = 0, Idle = 0, Fatigue = 0.00
Worker 2: Used = 0, Idle = 0, Fatigue = 0.00
Worker 3: Used = 28100, Idle = 13659800, Fatigue = 34319.93

Fairness : 1.488e+10

]]></system-out>
  </testcase>
  <testcase name="testMatrixMultiplication" classname="LinearAlgebraEngineTest" time="0.007">
    <system-out><![CDATA[MULTIPLY
0.0ID: 0
0.0ID: 1
0.0ID: 2
0.0ID: 3
Chose: ID: 0
0.0ID: 3
0.0ID: 1
0.0ID: 2
Chose: ID: 3
Worker 0: Used = 84500, Idle = 2874000, Fatigue = 78307.88
Worker 1: Used = 0, Idle = 0, Fatigue = 0.00
Worker 2: Used = 0, Idle = 0, Fatigue = 0.00
Worker 3: Used = 38700, Idle = 2266200, Fatigue = 50838.45

Fairness : 4.584e+09

]]></system-out>
  </testcase>
  <testcase name="testComplexTreeExecution" classname="LinearAlgebraEngineTest" time="0.01">
    <system-out><![CDATA[ADD
0.0ID: 0
0.0ID: 1
0.0ID: 2
0.0ID: 3
Chose: ID: 0
0.0ID: 3
0.0ID: 1
0.0ID: 2
Chose: ID: 3
MULTIPLY
0.0ID: 2
0.0ID: 1
28568.378140964818ID: 0
24527.66195887406ID: 3
Chose: ID: 2
0.0ID: 1
24527.66195887406ID: 3
28568.378140964818ID: 0
Chose: ID: 1
Worker 0: Used = 33000, Idle = 4269400, Fatigue = 28568.38
Worker 1: Used = 69300, Idle = 5377100, Fatigue = 64965.18
Worker 2: Used = 53200, Idle = 4061800, Fatigue = 54056.00
Worker 3: Used = 38000, Idle = 2411500, Fatigue = 24527.66

Fairness : 1.172e+09

]]></system-out>
  </testcase>
  <testcase name="testAssociativeAddition" classname="LinearAlgebraEngineTest" time="0.013">
    <system-out><![CDATA[ADD
0.0ID: 0
0.0ID: 1
0.0ID: 2
0.0ID: 3
Chose: ID: 0
ADD
0.0ID: 3
0.0ID: 1
0.0ID: 2
27330.491180574754ID: 0
Chose: ID: 3
Worker 0: Used = 29000, Idle = 2754000, Fatigue = 27330.49
Worker 1: Used = 0, Idle = 0, Fatigue = 0.00
Worker 2: Used = 0, Idle = 0, Fatigue = 0.00
Worker 3: Used = 20200, Idle = 2437900, Fatigue = 11234.58

Fairness : 5.032e+08

]]></system-out>
  </testcase>
  <testcase name="testDimensionMismatchMultiply" classname="LinearAlgebraEngineTest" time="0.012">
    <system-out><![CDATA[MULTIPLY
Fairness : 2.514e+05

]]></system-out>
  </testcase>
  <testcase name="testDimensionMismatchAdd" classname="LinearAlgebraEngineTest" time="0.011">
    <system-out><![CDATA[ADD
]]></system-out>
  </testcase>
  <testcase name="testNegate" classname="LinearAlgebraEngineTest" time="0.023">
    <system-out><![CDATA[NEGATE
0.0ID: 0
0.0ID: 1
0.0ID: 2
0.0ID: 3
Chose: ID: 0
0.0ID: 3
0.0ID: 1
0.0ID: 2
Chose: ID: 3
Worker 0: Used = 49400, Idle = 4580300, Fatigue = 26097.00
Worker 1: Used = 0, Idle = 0, Fatigue = 0.00
Worker 2: Used = 0, Idle = 0, Fatigue = 0.00
Worker 3: Used = 45800, Idle = 8754100, Fatigue = 62732.48

Fairness : 2.659e+09

]]></system-out>
  </testcase>
  <testcase name="testTranspose" classname="LinearAlgebraEngineTest" time="0.009">
    <system-out><![CDATA[TRANSPOSE
0.0ID: 0
0.0ID: 1
0.0ID: 2
0.0ID: 3
Chose: ID: 0
Worker 0: Used = 106500, Idle = 4613800, Fatigue = 99034.52
Worker 1: Used = 0, Idle = 0, Fatigue = 0.00
Worker 2: Used = 0, Idle = 0, Fatigue = 0.00
Worker 3: Used = 0, Idle = 0, Fatigue = 0.00

Fairness : 7.490e+09

]]></system-out>
  </testcase>
</testsuite>