<?xml version="1.0" encoding="UTF-8"?>
<testsuite xmlns:xsi="http://www.w3.org/2001/XMLSchema-instance" xsi:noNamespaceSchemaLocation="https://maven.apache.org/surefire/maven-surefire-plugin/xsd/surefire-test-report-3.0.xsd" version="3.0" name="SharedVectorTest" time="0.018" tests="13" errors="0" skipped="0" failures="0">
  <properties>
[...]
</properties>
  <testcase name="VectorDotTest1" classname="SharedVectorTest" time="0.001"/>
  <testcase name="VectorDotTest2" classname="SharedVectorTest" time="0.001"/>
  <testcase name="VectorNegateTest" classname="SharedVectorTest" time="0.0"/>
  <testcase name="VectorAdditionTest1" classname="SharedVectorTest" time="0.0"/>
  <testcase name="VectorLengthTest" classname="SharedVectorTest" time="0.001"/>
  <testcase name="vectorGetTest1" classname="SharedVectorTest" time="0.0"/>
  <testcase name="vectorGetTest2" classname="SharedVectorTest" time="0.0"/>
  <testcase name="MultiplyTest1" classname="SharedVectorTest" time="0.001">
    <system-out><![CDATA[Expected: 39.0 Got: 39.0
Expected: 65.0 Got: 65.0
Expected: 99.0 Got: 99.0
]]></system-out>
  </testcase>
  <testcase name="MultiplyTest2" classname="SharedVectorTest" time="0.001">
    <system-out><![CDATA[was here
]]></system-out>
  </testcase>
  <testcase name="MultiplyTest3" classname="SharedVectorTest" time="0.001">
    <system-out><![CDATA[Expected: 46.0 Got: 46.0
Expected: 46.0 Got: 46.0
Expected: 46.0 Got: 46.0
Expected: 55.0 Got: 55.0
Expected: 57.0 Got: 57.0
]]></system-out>
  </testcase>
  <testcase name="VectorOrientationTest" classname="SharedVectorTest" time="0.0"/>
  <testcase name="LengthAfterMultiplicationTest" classname="SharedVectorTest" time="0.002"/>
  <testcase name="VectorTransposeTest" classname="SharedVectorTest" time="0.0"/>
</testsuite>