<?xml version="1.0" encoding="UTF-8"?>
<testsuite xmlns:xsi="http://www.w3.org/2001/XMLSchema-instance" xsi:noNamespaceSchemaLocation="https://maven.apache.org/surefire/maven-surefire-plugin/xsd/surefire-test-report-3.0.xsd" version="3.0" name="SharedMatrixTest" time="0.354" tests="30" errors="0" skipped="0" failures="0">
  <properties>
[...]
</properties>
  <testcase name="testVerySmallValues" classname="SharedMatrixTest" time="0.03">
    <system-out><![CDATA[=== Testing Very Small Values ===
Input values: 1e-10, 2e-10, 3e-10, 4e-10
Result values: 1.0E-10, 2.0E-10, 3.0E-10, 4.0E-10
✓ Very small values test passed

]]></system-out>
  </testcase>
  <testcase name="LoadColumnMajorTest" classname="SharedMatrixTest" time="0.002"/>
  <testcase name="testGetOutOfBounds" classname="SharedMatrixTest" time="0.004">
    <system-out><![CDATA[=== Testing Get Out of Bounds ===
Matrix length: 2
Attempting to get index 5 (should throw exception)...
✓ Exception thrown for index 5
Attempting to get index -1 (should throw exception)...
✓ Exception thrown for index -1
✓ Out of bounds test passed

]]></system-out>
  </testcase>
  <testcase name="testRectangularMatrix2x5" classname="SharedMatrixTest" time="0.003">
    <system-out><![CDATA[=== Testing Rectangular Matrix (2x5) ===
Input: 2 rows x 5 columns
Matrix length: 2
Result dimensions: 2x5
✓ Rectangular 2x5 test passed

]]></system-out>
  </testcase>
  <testcase name="testRectangularMatrix5x2" classname="SharedMatrixTest" time="0.002">
    <system-out><![CDATA[=== Testing Rectangular Matrix (5x2) ===
Input: 5 rows x 2 columns
Matrix length: 5
Result dimensions: 5x2
✓ Rectangular 5x2 test passed

]]></system-out>
  </testcase>
  <testcase name="readRowMajor" classname="SharedMatrixTest" time="0.002"/>
  <testcase name="testGetOrientationRowMajor" classname="SharedMatrixTest" time="0.001"/>
  <testcase name="testLoadEmptyMatrix" classname="SharedMatrixTest" time="0.002">
    <system-out><![CDATA[=== Testing Load Empty Matrix ===
Matrix length after load: 0
Read result length: 0
✓ Load empty matrix test passed

]]></system-out>
  </testcase>
  <testcase name="LoadRowMajorTest" classname="SharedMatrixTest" time="0.004">
    <system-out><![CDATA[1.0, 2.0, 3.0, 4.0, 
5.0, 6.0, 7.0, 8.0, 
9.0, 10.0, 11.0, 12.0, 
13.0, 14.0, 15.0, 16.0, 
---------------
1.0, 2.0, 3.0, 4.0, 
5.0, 6.0, 7.0, 8.0, 
9.0, 10.0, 11.0, 12.0, 
13.0, 14.0, 15.0, 16.0, 
]]></system-out>
  </testcase>
  <testcase name="testLengthMethod" classname="SharedMatrixTest" time="0.002"/>
  <testcase name="testSingleElementMatrix" classname="SharedMatrixTest" time="0.002">
    <system-out><![CDATA[=== Testing Single Element Matrix (1x1) ===
Matrix length: 1
Result dimensions: 1x1
Result value: 42.0
✓ Single element test passed

]]></system-out>
  </testcase>
  <testcase name="testMixedSignValues" classname="SharedMatrixTest" time="0.003">
    <system-out><![CDATA[=== Testing Mixed Sign Values ===
Input matrix:
[1.0, -2.0, 3.0]
[-4.0, 5.0, -6.0]
[7.0, -8.0, 9.0]
Result matrix:
[1.0, -2.0, 3.0]
[-4.0, 5.0, -6.0]
[7.0, -8.0, 9.0]
✓ Mixed sign values test passed

]]></system-out>
  </testcase>
  <testcase name="testGetOrientationColumnMajor" classname="SharedMatrixTest" time="0.002"/>
  <testcase name="testMultipleLoadsOverwrite" classname="SharedMatrixTest" time="0.001">
    <system-out><![CDATA[=== Testing Multiple Loads Overwrite ===
After first load (matrix1): length = 2
After second load (matrix3): length = 3
Final matrix matches matrix3: true
✓ Multiple loads test passed

]]></system-out>
  </testcase>
  <testcase name="testConstructorWithMatrix" classname="SharedMatrixTest" time="0.002"/>
  <testcase name="testReadWriteConcurrency" classname="SharedMatrixTest" time="0.104">
    <system-out><![CDATA[=== Testing Read/Write Locks Concurrency ===
✓ Read/Write concurrency passed

]]></system-out>
    <system-err><![CDATA[Exception in thread "Thread-2" java.lang.IllegalMonitorStateException: attempt to unlock read lock, not locked by current thread
	at java.base/java.util.concurrent.locks.ReentrantReadWriteLock$Sync.unmatchedUnlockException(ReentrantReadWriteLock.java:452)
	at java.base/java.util.concurrent.locks.ReentrantReadWriteLock$Sync.tryReleaseShared(ReentrantReadWriteLock.java:436)
	at java.base/java.util.concurrent.locks.AbstractQueuedLongSynchronizer.releaseShared(AbstractQueuedLongSynchronizer.java:806)
	at java.base/java.util.concurrent.locks.ReentrantReadWriteLock$ReadLock.unlock(ReentrantReadWriteLock.java:903)
	at memory.SharedVector.readUnlock(SharedVector.java:80)
	at memory.SharedMatrix.releaseAllVectorReadLocks(SharedMatrix.java:127)
	at memory.SharedMatrix.readRowMajor(SharedMatrix.java:82)
	at SharedMatrixTest.lambda$testReadWriteConcurrency$1(SharedMatrixTest.java:625)
	at java.base/java.lang.Thread.run(Thread.java:1474)
]]></system-err>
  </testcase>
  <testcase name="testLoadColumnMajorSingleColumn" classname="SharedMatrixTest" time="0.002">
    <system-out><![CDATA[=== Testing Load Column Major Single Column ===
Input: 3 rows x 1 column
Matrix length after load: 1
Orientation: COLUMN_MAJOR
✓ Column major single column test passed

]]></system-out>
  </testcase>
  <testcase name="testNegativeValues" classname="SharedMatrixTest" time="0.002">
    <system-out><![CDATA[=== Testing Negative Values ===
Input matrix:
[-1.0, -2.0]
[-3.0, -4.0]
Result matrix:
[-1.0, -2.0]
[-3.0, -4.0]
✓ Negative values test passed

]]></system-out>
  </testcase>
  <testcase name="testEmptyMatrixReadRowMajor" classname="SharedMatrixTest" time="0.002">
    <system-out><![CDATA[=== Testing Empty Matrix Read ===
Result length: 0
✓ Empty matrix test passed

]]></system-out>
  </testcase>
  <testcase name="testGetMethod" classname="SharedMatrixTest" time="0.002"/>
  <testcase name="testSingleColumnMatrix" classname="SharedMatrixTest" time="0.002">
    <system-out><![CDATA[=== Testing Single Column Matrix (Nx1) ===
Matrix length: 4
First vector length: 1
✓ Single column test passed

]]></system-out>
  </testcase>
  <testcase name="testSwitchBetweenOrientations" classname="SharedMatrixTest" time="0.002">
    <system-out><![CDATA[=== Testing Switch Between Orientations ===
After loadRowMajor: ROW_MAJOR
After loadColumnMajor: COLUMN_MAJOR
After loadRowMajor again: ROW_MAJOR
✓ Orientation switch test passed

]]></system-out>
  </testcase>
  <testcase name="testEmptyMatrixConstructor" classname="SharedMatrixTest" time="0.001"/>
  <testcase name="testLoadColumnMajorRectangular" classname="SharedMatrixTest" time="0.002">
    <system-out><![CDATA[=== Testing Load Column Major Rectangular (2x3) ===
Input matrix:
[1.0, 2.0, 3.0]
[4.0, 5.0, 6.0]
Matrix length after load: 3
Orientation: COLUMN_MAJOR
Result matrix (should be transposed):
✓ Column major rectangular test passed

]]></system-out>
  </testcase>
  <testcase name="testVeryLargeValues" classname="SharedMatrixTest" time="0.002">
    <system-out><![CDATA[=== Testing Very Large Values ===
Input values: 1e10, 2e10, 3e10, 4e10
Result values: 1.0E10, 2.0E10, 3.0E10, 4.0E10
✓ Very large values test passed

]]></system-out>
  </testcase>
  <testcase name="testSingleRowMatrix" classname="SharedMatrixTest" time="0.002">
    <system-out><![CDATA[=== Testing Single Row Matrix (1xN) ===
Matrix length: 1
Vector length: 5
Orientation: ROW_MAJOR
✓ Single row test passed

]]></system-out>
  </testcase>
  <testcase name="testWriteWriteConcurrency" classname="SharedMatrixTest" time="0.105">
    <system-out><![CDATA[=== Testing Write/Write Locks Concurrency ===
✓ Write/Write concurrency passed

]]></system-out>
  </testcase>
  <testcase name="testLargeMatrix" classname="SharedMatrixTest" time="0.003">
    <system-out><![CDATA[=== Testing Large Matrix (10x10) ===
Loading 10x10 matrix...
Matrix length: 10
Result dimensions: 10x10
First element: 0.0, Last element: 99.0
✓ Large matrix test passed

]]></system-out>
  </testcase>
  <testcase name="testGetOrientationEmptyMatrix" classname="SharedMatrixTest" time="0.001">
    <system-out><![CDATA[=== Testing Get Orientation on Empty Matrix ===
Attempting to get orientation (should throw exception)...
✓ Exception thrown as expected

]]></system-out>
  </testcase>
  <testcase name="testZeroMatrix" classname="SharedMatrixTest" time="0.001">
    <system-out><![CDATA[=== Testing Zero Matrix ===
Loaded 3x3 zero matrix
All zeros preserved: true
✓ Zero matrix test passed

]]></system-out>
  </testcase>
</testsuite>