<?xml version="1.0" encoding="UTF-8"?>
<testsuite xmlns:xsi="http://www.w3.org/2001/XMLSchema-instance" xsi:noNamespaceSchemaLocation="https://maven.apache.org/surefire/maven-surefire-plugin/xsd/surefire-test-report-3.0.xsd" version="3.0" name="LinearAlgebraEngineTest" time="0.142" tests="8" errors="0" skipped="0" failures="0">
  <properties>
[...]
</properties>
  <testcase name="testSimpleAddition" classname="LinearAlgebraEngineTest" time="0.036">
    <system-out><![CDATA[ADD
0.0ID: 0
0.0ID: 1
0.0ID: 2
0.0ID: 3
Chose: ID: 0
0.0ID: 3
0.0ID: 1
0.0ID: 2
Chose: ID: 3
Worker 0: Used = 19400, Idle = 6567100, Fatigue = 17378.23
Worker 1: Used = 0, Idle = 0, Fatigue = 0.00
Worker 2: Used = 0, Idle = 0, Fatigue = 0.00
Worker 3: Used = 7300, Idle = 6441500, Fatigue = 5079.33

Fairness : 2.017e+08

]]></system-out>
  </testcase>
  <testcase name="testMatrixMultiplication" classname="LinearAlgebraEngineTest" time="0.008">
    <system-out><![CDATA[MULTIPLY
0.0ID: 0
0.0ID: 1
0.0ID: 2
0.0ID: 3
Chose: ID: 0
0.0ID: 3
0.0ID: 1
0.0ID: 2
Chose: ID: 3
Worker 0: Used = 136900, Idle = 1351500, Fatigue = 111819.60
Worker 1: Used = 0, Idle = 0, Fatigue = 0.00
Worker 2: Used = 0, Idle = 0, Fatigue = 0.00
Worker 3: Used = 36800, Idle = 1598100, Fatigue = 38175.63

Fairness : 8.336e+09

]]></system-out>
  </testcase>
  <testcase name="testComplexTreeExecution" classname="LinearAlgebraEngineTest" time="0.009">
    <system-out><![CDATA[ADD
0.0ID: 0
0.0ID: 1
0.0ID: 2
0.0ID: 3
Chose: ID: 0
0.0ID: 3
0.0ID: 1
0.0ID: 2
Chose: ID: 3
MULTIPLY
0.0ID: 2
0.0ID: 1
8209.502487506117ID: 0
13170.776461160287ID: 3
Chose: ID: 2
0.0ID: 1
13170.776461160287ID: 3
8209.502487506117ID: 0
Chose: ID: 1
Worker 0: Used = 16000, Idle = 2643200, Fatigue = 8209.50
Worker 1: Used = 63900, Idle = 3367800, Fatigue = 94377.53
Worker 2: Used = 104800, Idle = 2669500, Fatigue = 100742.89
Worker 3: Used = 15100, Idle = 1506700, Fatigue = 13170.78

Fairness : 7.579e+09

]]></system-out>
  </testcase>
  <testcase name="testAssociativeAddition" classname="LinearAlgebraEngineTest" time="0.005">
    <system-out><![CDATA[ADD
0.0ID: 0
0.0ID: 1
0.0ID: 2
0.0ID: 3
Chose: ID: 0
ADD
0.0ID: 3
0.0ID: 1
0.0ID: 2
11628.622516309637ID: 0
Chose: ID: 3
Worker 0: Used = 8100, Idle = 960300, Fatigue = 11628.62
Worker 1: Used = 0, Idle = 0, Fatigue = 0.00
Worker 2: Used = 0, Idle = 0, Fatigue = 0.00
Worker 3: Used = 22300, Idle = 954900, Fatigue = 24929.21

Fairness : 4.226e+08

]]></system-out>
  </testcase>
  <testcase name="testDimensionMismatchMultiply" classname="LinearAlgebraEngineTest" time="0.006">
    <system-out><![CDATA[MULTIPLY
Fairness : 0.000e+00

]]></system-out>
  </testcase>
  <testcase name="testDimensionMismatchAdd" classname="LinearAlgebraEngineTest" time="0.005">
    <system-out><![CDATA[ADD
]]></system-out>
  </testcase>
  <testcase name="testNegate" classname="LinearAlgebraEngineTest" time="0.015">
    <system-out><![CDATA[NEGATE
0.0ID: 0
0.0ID: 1
0.0ID: 2
0.0ID: 3
Chose: ID: 0
0.0ID: 3
0.0ID: 1
0.0ID: 2
Chose: ID: 3
Worker 0: Used = 35400, Idle = 9259500, Fatigue = 37704.56
Worker 1: Used = 0, Idle = 0, Fatigue = 0.00
Worker 2: Used = 0, Idle = 0, Fatigue = 0.00
Worker 3: Used = 15600, Idle = 3573500, Fatigue = 21404.10

Fairness : 1.006e+09

]]></system-out>
  </testcase>
  <testcase name="testTranspose" classname="LinearAlgebraEngineTest" time="0.008">
    <system-out><![CDATA[TRANSPOSE
0.0ID: 0
0.0ID: 1
0.0ID: 2
0.0ID: 3
Chose: ID: 0
0.0ID: 3
0.0ID: 1
0.0ID: 2
Chose: ID: 3
Worker 0: Used = 29800, Idle = 2025100, Fatigue = 43327.96
Worker 1: Used = 0, Idle = 0, Fatigue = 0.00
Worker 2: Used = 0, Idle = 0, Fatigue = 0.00
Worker 3: Used = 8600, Idle = 1685700, Fatigue = 11739.76

Fairness : 1.257e+09

]]></system-out>
  </testcase>
</testsuite>